# JRE version: OpenJDK Runtime Environment Temurin-17.0.5+8 (17.0.5+8) (build 17.0.5+8)
# Java VM: OpenJDK 64-Bit Server VM Temurin-17.0.5+8 (17.0.5+8, mixed mode, tiered, compressed oops, compressed class ptrs, g1 gc, windows-amd64)
GC Precious Log:
 CPUs: 2 total, 2 available
 Memory: 2008M
 Large Page Support: Disabled
 NUMA Support: Disabled
 Compressed Oops: Enabled (32-bit)
 Heap Region Size: 1M
 Heap Min Capacity: 8M
 Heap Initial Capacity: 32M
 Heap Max Capacity: 504M
 Pre-touch: Disabled
 Parallel Workers: 2
 Concurrent Workers: 1
 Concurrent Refinement Workers: 2
 Periodic GC: Disabled
Heap:
 garbage-first heap   total 32768K, used 17750K [0x00000000e0800000, 0x0000000100000000)
  region size 1024K, 9 young (9216K), 2 survivors (2048K)
 Metaspace       used 22993K, committed 23296K, reserved 1073152K
  class space    used 2598K, committed 2752K, reserved 1048576K
GC Heap History (16 events):
Event: 3.991 GC heap before
{Heap before GC invocations=0 (full 0):
 garbage-first heap   total 32768K, used 6144K [0x00000000e0800000, 0x0000000100000000)
  region size 1024K, 6 young (6144K), 0 survivors (0K)
 Metaspace       used 9620K, committed 9728K, reserved 1064960K
  class space    used 845K, committed 896K, reserved 1048576K
}
Event: 4.004 GC heap after
{Heap after GC invocations=1 (full 0):
 garbage-first heap   total 32768K, used 3344K [0x00000000e0800000, 0x0000000100000000)
  region size 1024K, 1 young (1024K), 1 survivors (1024K)
 Metaspace       used 9620K, committed 9728K, reserved 1064960K
  class space    used 845K, committed 896K, reserved 1048576K
}
Event: 4.148 GC heap before
{Heap before GC invocations=1 (full 0):
 garbage-first heap   total 32768K, used 6416K [0x00000000e0800000, 0x0000000100000000)
  region size 1024K, 5 young (5120K), 1 survivors (1024K)
 Metaspace       used 9721K, committed 9856K, reserved 1064960K
  class space    used 848K, committed 896K, reserved 1048576K
}
Event: 4.158 GC heap after
{Heap after GC invocations=2 (full 0):
 garbage-first heap   total 32768K, used 6698K [0x00000000e0800000, 0x0000000100000000)
  region size 1024K, 1 young (1024K), 1 survivors (1024K)
 Metaspace       used 9721K, committed 9856K, reserved 1064960K
  class space    used 848K, committed 896K, reserved 1048576K
}
Event: 5.321 GC heap before
{Heap before GC invocations=2 (full 0):
 garbage-first heap   total 32768K, used 10794K [0x00000000e0800000, 0x0000000100000000)
  region size 1024K, 6 young (6144K), 1 survivors (1024K)
 Metaspace       used 10564K, committed 10752K, reserved 1064960K
  class space    used 946K, committed 1024K, reserved 1048576K
}
Event: 5.349 GC heap after
{Heap after GC invocations=3 (full 0):
 garbage-first heap   total 32768K, used 9524K [0x00000000e0800000, 0x0000000100000000)
  region size 1024K, 1 young (1024K), 1 survivors (1024K)
 Metaspace       used 10564K, committed 10752K, reserved 1064960K
  class space    used 946K, committed 1024K, reserved 1048576K
}
Event: 7.526 GC heap before
{Heap before GC invocations=3 (full 0):
 garbage-first heap   total 32768K, used 13620K [0x00000000e0800000, 0x0000000100000000)
  region size 1024K, 6 young (6144K), 1 survivors (1024K)
 Metaspace       used 12220K, committed 12352K, reserved 1064960K
  class space    used 1161K, committed 1216K, reserved 1048576K
}
Event: 7.532 GC heap after
{Heap after GC invocations=4 (full 0):
 garbage-first heap   total 32768K, used 10122K [0x00000000e0800000, 0x0000000100000000)
  region size 1024K, 1 young (1024K), 1 survivors (1024K)
 Metaspace       used 12220K, committed 12352K, reserved 1064960K
  class space    used 1161K, committed 1216K, reserved 1048576K
}
Event: 9.228 GC heap before
{Heap before GC invocations=4 (full 0):
 garbage-first heap   total 32768K, used 17290K [0x00000000e0800000, 0x0000000100000000)
  region size 1024K, 8 young (8192K), 1 survivors (1024K)
 Metaspace       used 13989K, committed 14208K, reserved 1064960K
  class space    used 1395K, committed 1472K, reserved 1048576K
}
Event: 9.234 GC heap after
{Heap after GC invocations=5 (full 0):
 garbage-first heap   total 32768K, used 10540K [0x00000000e0800000, 0x0000000100000000)
  region size 1024K, 1 young (1024K), 1 survivors (1024K)
 Metaspace       used 13989K, committed 14208K, reserved 1064960K
  class space    used 1395K, committed 1472K, reserved 1048576K
}
Event: 11.895 GC heap before
{Heap before GC invocations=5 (full 0):
 garbage-first heap   total 32768K, used 20780K [0x00000000e0800000, 0x0000000100000000)
  region size 1024K, 11 young (11264K), 1 survivors (1024K)
 Metaspace       used 16663K, committed 16832K, reserved 1064960K
  class space    used 1718K, committed 1792K, reserved 1048576K
}
Event: 11.933 GC heap after
{Heap after GC invocations=6 (full 0):
 garbage-first heap   total 32768K, used 11163K [0x00000000e0800000, 0x0000000100000000)
  region size 1024K, 2 young (2048K), 2 survivors (2048K)
 Metaspace       used 16663K, committed 16832K, reserved 1064960K
  class space    used 1718K, committed 1792K, reserved 1048576K
}
Event: 14.440 GC heap before
{Heap before GC invocations=6 (full 0):
 garbage-first heap   total 32768K, used 20379K [0x00000000e0800000, 0x0000000100000000)
  region size 1024K, 12 young (12288K), 2 survivors (2048K)
 Metaspace       used 19493K, committed 19648K, reserved 1073152K
  class space    used 2093K, committed 2176K, reserved 1048576K
}
Event: 14.453 GC heap after
{Heap after GC invocations=7 (full 0):
 garbage-first heap   total 32768K, used 11870K [0x00000000e0800000, 0x0000000100000000)
  region size 1024K, 2 young (2048K), 2 survivors (2048K)
 Metaspace       used 19493K, committed 19648K, reserved 1073152K
  class space    used 2093K, committed 2176K, reserved 1048576K
}
Event: 18.794 GC heap before
{Heap before GC invocations=7 (full 0):
 garbage-first heap   total 32768K, used 20062K [0x00000000e0800000, 0x0000000100000000)
  region size 1024K, 11 young (11264K), 2 survivors (2048K)
 Metaspace       used 21356K, committed 21504K, reserved 1073152K
  class space    used 2370K, committed 2432K, reserved 1048576K
}
Event: 18.865 GC heap after
{Heap after GC invocations=8 (full 0):
 garbage-first heap   total 32768K, used 12630K [0x00000000e0800000, 0x0000000100000000)
  region size 1024K, 2 young (2048K), 2 survivors (2048K)
 Metaspace       used 21356K, committed 21504K, reserved 1073152K
  class space    used 2370K, committed 2432K, reserved 1048576K
}

