# JRE version: OpenJDK Runtime Environment Temurin-17.0.5+8 (17.0.5+8) (build 17.0.5+8)
# Java VM: OpenJDK 64-Bit Server VM Temurin-17.0.5+8 (17.0.5+8, mixed mode, emulated-client, tiered, compressed oops, compressed class ptrs, g1 gc, windows-amd64)
GC Precious Log:
 CPUs: 2 total, 2 available
 Memory: 2008M
 Large Page Support: Disabled
 NUMA Support: Disabled
 Compressed Oops: Enabled (32-bit)
 Heap Region Size: 1M
 Heap Min Capacity: 8M
 Heap Initial Capacity: 32M
 Heap Max Capacity: 504M
 Pre-touch: Disabled
 Parallel Workers: 2
 Concurrent Workers: 1
 Concurrent Refinement Workers: 2
 Periodic GC: Disabled
Heap:
 garbage-first heap   total 92160K, used 35753K [0x00000000e0800000, 0x0000000100000000)
  region size 1024K, 2 young (2048K), 2 survivors (2048K)
 Metaspace       used 75515K, committed 76736K, reserved 1122304K
  class space    used 10269K, committed 10752K, reserved 1048576K
GC Heap History (20 events):
Event: 565.579 GC heap after
{Heap after GC invocations=66 (full 3):
 garbage-first heap   total 109568K, used 38471K [0x00000000e0800000, 0x0000000100000000)
  region size 1024K, 7 young (7168K), 7 survivors (7168K)
 Metaspace       used 76645K, committed 77376K, reserved 1122304K
  class space    used 10343K, committed 10688K, reserved 1048576K
}
Event: 565.604 GC heap before
{Heap before GC invocations=66 (full 3):
 garbage-first heap   total 109568K, used 39495K [0x00000000e0800000, 0x0000000100000000)
  region size 1024K, 8 young (8192K), 7 survivors (7168K)
 Metaspace       used 76649K, committed 77376K, reserved 1122304K
  class space    used 10344K, committed 10688K, reserved 1048576K
}
Event: 565.709 GC heap after
{Heap after GC invocations=67 (full 3):
 garbage-first heap   total 109568K, used 39378K [0x00000000e0800000, 0x0000000100000000)
  region size 1024K, 1 young (1024K), 1 survivors (1024K)
 Metaspace       used 76649K, committed 77376K, reserved 1122304K
  class space    used 10344K, committed 10688K, reserved 1048576K
}
Event: 566.363 GC heap before
{Heap before GC invocations=67 (full 3):
 garbage-first heap   total 109568K, used 88530K [0x00000000e0800000, 0x0000000100000000)
  region size 1024K, 49 young (50176K), 1 survivors (1024K)
 Metaspace       used 76898K, committed 77568K, reserved 1122304K
  class space    used 10364K, committed 10688K, reserved 1048576K
}
Event: 566.373 GC heap after
{Heap after GC invocations=68 (full 3):
 garbage-first heap   total 109568K, used 40391K [0x00000000e0800000, 0x0000000100000000)
  region size 1024K, 2 young (2048K), 2 survivors (2048K)
 Metaspace       used 76898K, committed 77568K, reserved 1122304K
  class space    used 10364K, committed 10688K, reserved 1048576K
}
Event: 566.969 GC heap before
{Heap before GC invocations=68 (full 3):
 garbage-first heap   total 109568K, used 89543K [0x00000000e0800000, 0x0000000100000000)
  region size 1024K, 50 young (51200K), 2 survivors (2048K)
 Metaspace       used 77127K, committed 77888K, reserved 1122304K
  class space    used 10380K, committed 10752K, reserved 1048576K
}
Event: 566.984 GC heap after
{Heap after GC invocations=69 (full 3):
 garbage-first heap   total 109568K, used 41767K [0x00000000e0800000, 0x0000000100000000)
  region size 1024K, 4 young (4096K), 4 survivors (4096K)
 Metaspace       used 77127K, committed 77888K, reserved 1122304K
  class space    used 10380K, committed 10752K, reserved 1048576K
}
Event: 701.794 GC heap before
{Heap before GC invocations=69 (full 3):
 garbage-first heap   total 109568K, used 88871K [0x00000000e0800000, 0x0000000100000000)
  region size 1024K, 51 young (52224K), 4 survivors (4096K)
 Metaspace       used 77291K, committed 78016K, reserved 1122304K
  class space    used 10395K, committed 10752K, reserved 1048576K
}
Event: 701.825 GC heap after
{Heap after GC invocations=70 (full 3):
 garbage-first heap   total 109568K, used 44326K [0x00000000e0800000, 0x0000000100000000)
  region size 1024K, 6 young (6144K), 6 survivors (6144K)
 Metaspace       used 77291K, committed 78016K, reserved 1122304K
  class space    used 10395K, committed 10752K, reserved 1048576K
}
Event: 931.531 GC heap before
{Heap before GC invocations=70 (full 3):
 garbage-first heap   total 109568K, used 68902K [0x00000000e0800000, 0x0000000100000000)
  region size 1024K, 31 young (31744K), 6 survivors (6144K)
 Metaspace       used 77299K, committed 78016K, reserved 1122304K
  class space    used 10398K, committed 10752K, reserved 1048576K
}
Event: 934.995 GC heap after
{Heap after GC invocations=71 (full 4):
 garbage-first heap   total 92160K, used 26767K [0x00000000e0800000, 0x0000000100000000)
  region size 1024K, 0 young (0K), 0 survivors (0K)
 Metaspace       used 74742K, committed 76736K, reserved 1122304K
  class space    used 10182K, committed 10752K, reserved 1048576K
}
Event: 937.361 GC heap before
{Heap before GC invocations=71 (full 4):
 garbage-first heap   total 92160K, used 73871K [0x00000000e0800000, 0x0000000100000000)
  region size 1024K, 47 young (48128K), 0 survivors (0K)
 Metaspace       used 75247K, committed 76736K, reserved 1122304K
  class space    used 10249K, committed 10752K, reserved 1048576K
}
Event: 937.420 GC heap after
{Heap after GC invocations=72 (full 4):
 garbage-first heap   total 92160K, used 31346K [0x00000000e0800000, 0x0000000100000000)
  region size 1024K, 5 young (5120K), 5 survivors (5120K)
 Metaspace       used 75247K, committed 76736K, reserved 1122304K
  class space    used 10249K, committed 10752K, reserved 1048576K
}
Event: 938.684 GC heap before
{Heap before GC invocations=72 (full 4):
 garbage-first heap   total 92160K, used 73330K [0x00000000e0800000, 0x0000000100000000)
  region size 1024K, 46 young (47104K), 5 survivors (5120K)
 Metaspace       used 75422K, committed 76736K, reserved 1122304K
  class space    used 10264K, committed 10752K, reserved 1048576K
}
Event: 940.321 GC heap after
{Heap after GC invocations=73 (full 4):
 garbage-first heap   total 92160K, used 33514K [0x00000000e0800000, 0x0000000100000000)
  region size 1024K, 3 young (3072K), 3 survivors (3072K)
 Metaspace       used 75422K, committed 76736K, reserved 1122304K
  class space    used 10264K, committed 10752K, reserved 1048576K
}
Event: 940.452 GC heap before
{Heap before GC invocations=73 (full 4):
 garbage-first heap   total 92160K, used 34538K [0x00000000e0800000, 0x0000000100000000)
  region size 1024K, 4 young (4096K), 3 survivors (3072K)
 Metaspace       used 75426K, committed 76736K, reserved 1122304K
  class space    used 10264K, committed 10752K, reserved 1048576K
}
Event: 941.006 GC heap after
{Heap after GC invocations=74 (full 4):
 garbage-first heap   total 92160K, used 34408K [0x00000000e0800000, 0x0000000100000000)
  region size 1024K, 1 young (1024K), 1 survivors (1024K)
 Metaspace       used 75426K, committed 76736K, reserved 1122304K
  class space    used 10264K, committed 10752K, reserved 1048576K
}
Event: 941.064 GC heap before
{Heap before GC invocations=74 (full 4):
 garbage-first heap   total 92160K, used 41576K [0x00000000e0800000, 0x0000000100000000)
  region size 1024K, 8 young (8192K), 1 survivors (1024K)
 Metaspace       used 75426K, committed 76736K, reserved 1122304K
  class space    used 10264K, committed 10752K, reserved 1048576K
}
Event: 941.070 GC heap after
{Heap after GC invocations=75 (full 4):
 garbage-first heap   total 92160K, used 34633K [0x00000000e0800000, 0x0000000100000000)
  region size 1024K, 1 young (1024K), 1 survivors (1024K)
 Metaspace       used 75426K, committed 76736K, reserved 1122304K
  class space    used 10264K, committed 10752K, reserved 1048576K
}
Event: 943.562 GC heap before
{Heap before GC invocations=75 (full 4):
 garbage-first heap   total 92160K, used 44873K [0x00000000e0800000, 0x0000000100000000)
  region size 1024K, 11 young (11264K), 1 survivors (1024K)
 Metaspace       used 75515K, committed 76736K, reserved 1122304K
  class space    used 10269K, committed 10752K, reserved 1048576K
}

