# JRE version: OpenJDK Runtime Environment Temurin-17.0.5+8 (17.0.5+8) (build 17.0.5+8)
# Java VM: OpenJDK 64-Bit Server VM Temurin-17.0.5+8 (17.0.5+8, mixed mode, emulated-client, tiered, compressed oops, compressed class ptrs, g1 gc, windows-amd64)
GC Precious Log:
 CPUs: 2 total, 2 available
 Memory: 2008M
 Large Page Support: Disabled
 NUMA Support: Disabled
 Compressed Oops: Enabled (32-bit)
 Heap Region Size: 1M
 Heap Min Capacity: 8M
 Heap Initial Capacity: 32M
 Heap Max Capacity: 504M
 Pre-touch: Disabled
 Parallel Workers: 2
 Concurrent Workers: 1
 Concurrent Refinement Workers: 2
 Periodic GC: Disabled
Heap:
 garbage-first heap   total 336896K, used 39174K [0x00000000e0800000, 0x0000000100000000)
  region size 1024K, 1 young (1024K), 1 survivors (1024K)
 Metaspace       used 72304K, committed 72832K, reserved 1114112K
  class space    used 9870K, committed 10112K, reserved 1048576K
GC Heap History (20 events):
Event: 1677.587 GC heap after
{Heap after GC invocations=2890 (full 0):
 garbage-first heap   total 269312K, used 39163K [0x00000000e0800000, 0x0000000100000000)
  region size 1024K, 1 young (1024K), 1 survivors (1024K)
 Metaspace       used 72298K, committed 72832K, reserved 1114112K
  class space    used 9869K, committed 10112K, reserved 1048576K
}
Event: 1678.246 GC heap before
{Heap before GC invocations=2890 (full 0):
 garbage-first heap   total 269312K, used 198907K [0x00000000e0800000, 0x0000000100000000)
  region size 1024K, 157 young (160768K), 1 survivors (1024K)
 Metaspace       used 72298K, committed 72832K, reserved 1114112K
  class space    used 9869K, committed 10112K, reserved 1048576K
}
Event: 1678.377 GC heap after
{Heap after GC invocations=2891 (full 0):
 garbage-first heap   total 319488K, used 39166K [0x00000000e0800000, 0x0000000100000000)
  region size 1024K, 1 young (1024K), 1 survivors (1024K)
 Metaspace       used 72298K, committed 72832K, reserved 1114112K
  class space    used 9869K, committed 10112K, reserved 1048576K
}
Event: 1679.784 GC heap before
{Heap before GC invocations=2891 (full 0):
 garbage-first heap   total 319488K, used 229630K [0x00000000e0800000, 0x0000000100000000)
  region size 1024K, 187 young (191488K), 1 survivors (1024K)
 Metaspace       used 72299K, committed 72832K, reserved 1114112K
  class space    used 9869K, committed 10112K, reserved 1048576K
}
Event: 1679.924 GC heap after
{Heap after GC invocations=2892 (full 0):
 garbage-first heap   total 319488K, used 39168K [0x00000000e0800000, 0x0000000100000000)
  region size 1024K, 1 young (1024K), 1 survivors (1024K)
 Metaspace       used 72299K, committed 72832K, reserved 1114112K
  class space    used 9869K, committed 10112K, reserved 1048576K
}
Event: 1680.490 GC heap before
{Heap before GC invocations=2892 (full 0):
 garbage-first heap   total 319488K, used 229632K [0x00000000e0800000, 0x0000000100000000)
  region size 1024K, 187 young (191488K), 1 survivors (1024K)
 Metaspace       used 72299K, committed 72832K, reserved 1114112K
  class space    used 9869K, committed 10112K, reserved 1048576K
}
Event: 1680.549 GC heap after
{Heap after GC invocations=2893 (full 0):
 garbage-first heap   total 319488K, used 39171K [0x00000000e0800000, 0x0000000100000000)
  region size 1024K, 1 young (1024K), 1 survivors (1024K)
 Metaspace       used 72299K, committed 72832K, reserved 1114112K
  class space    used 9869K, committed 10112K, reserved 1048576K
}
Event: 1681.995 GC heap before
{Heap before GC invocations=2893 (full 0):
 garbage-first heap   total 319488K, used 229635K [0x00000000e0800000, 0x0000000100000000)
  region size 1024K, 187 young (191488K), 1 survivors (1024K)
 Metaspace       used 72301K, committed 72832K, reserved 1114112K
  class space    used 9870K, committed 10112K, reserved 1048576K
}
Event: 1682.145 GC heap after
{Heap after GC invocations=2894 (full 0):
 garbage-first heap   total 319488K, used 39180K [0x00000000e0800000, 0x0000000100000000)
  region size 1024K, 1 young (1024K), 1 survivors (1024K)
 Metaspace       used 72301K, committed 72832K, reserved 1114112K
  class space    used 9870K, committed 10112K, reserved 1048576K
}
Event: 1682.769 GC heap before
{Heap before GC invocations=2894 (full 0):
 garbage-first heap   total 319488K, used 228620K [0x00000000e0800000, 0x0000000100000000)
  region size 1024K, 187 young (191488K), 1 survivors (1024K)
 Metaspace       used 72301K, committed 72832K, reserved 1114112K
  class space    used 9870K, committed 10112K, reserved 1048576K
}
Event: 1682.950 GC heap after
{Heap after GC invocations=2895 (full 0):
 garbage-first heap   total 336896K, used 39158K [0x00000000e0800000, 0x0000000100000000)
  region size 1024K, 1 young (1024K), 1 survivors (1024K)
 Metaspace       used 72301K, committed 72832K, reserved 1114112K
  class space    used 9870K, committed 10112K, reserved 1048576K
}
Event: 1683.704 GC heap before
{Heap before GC invocations=2895 (full 0):
 garbage-first heap   total 336896K, used 239862K [0x00000000e0800000, 0x0000000100000000)
  region size 1024K, 197 young (201728K), 1 survivors (1024K)
 Metaspace       used 72301K, committed 72832K, reserved 1114112K
  class space    used 9870K, committed 10112K, reserved 1048576K
}
Event: 1683.818 GC heap after
{Heap after GC invocations=2896 (full 0):
 garbage-first heap   total 336896K, used 39160K [0x00000000e0800000, 0x0000000100000000)
  region size 1024K, 1 young (1024K), 1 survivors (1024K)
 Metaspace       used 72301K, committed 72832K, reserved 1114112K
  class space    used 9870K, committed 10112K, reserved 1048576K
}
Event: 1684.601 GC heap before
{Heap before GC invocations=2896 (full 0):
 garbage-first heap   total 336896K, used 239864K [0x00000000e0800000, 0x0000000100000000)
  region size 1024K, 197 young (201728K), 1 survivors (1024K)
 Metaspace       used 72302K, committed 72832K, reserved 1114112K
  class space    used 9870K, committed 10112K, reserved 1048576K
}
Event: 1684.785 GC heap after
{Heap after GC invocations=2897 (full 0):
 garbage-first heap   total 336896K, used 39167K [0x00000000e0800000, 0x0000000100000000)
  region size 1024K, 1 young (1024K), 1 survivors (1024K)
 Metaspace       used 72302K, committed 72832K, reserved 1114112K
  class space    used 9870K, committed 10112K, reserved 1048576K
}
Event: 1686.780 GC heap before
{Heap before GC invocations=2897 (full 0):
 garbage-first heap   total 336896K, used 239871K [0x00000000e0800000, 0x0000000100000000)
  region size 1024K, 197 young (201728K), 1 survivors (1024K)
 Metaspace       used 72303K, committed 72832K, reserved 1114112K
  class space    used 9870K, committed 10112K, reserved 1048576K
}
Event: 1686.858 GC heap after
{Heap after GC invocations=2898 (full 0):
 garbage-first heap   total 336896K, used 39169K [0x00000000e0800000, 0x0000000100000000)
  region size 1024K, 1 young (1024K), 1 survivors (1024K)
 Metaspace       used 72303K, committed 72832K, reserved 1114112K
  class space    used 9870K, committed 10112K, reserved 1048576K
}
Event: 1687.988 GC heap before
{Heap before GC invocations=2898 (full 0):
 garbage-first heap   total 336896K, used 239873K [0x00000000e0800000, 0x0000000100000000)
  region size 1024K, 197 young (201728K), 1 survivors (1024K)
 Metaspace       used 72304K, committed 72832K, reserved 1114112K
  class space    used 9870K, committed 10112K, reserved 1048576K
}
Event: 1688.085 GC heap after
{Heap after GC invocations=2899 (full 0):
 garbage-first heap   total 336896K, used 39172K [0x00000000e0800000, 0x0000000100000000)
  region size 1024K, 1 young (1024K), 1 survivors (1024K)
 Metaspace       used 72304K, committed 72832K, reserved 1114112K
  class space    used 9870K, committed 10112K, reserved 1048576K
}
Event: 1688.721 GC heap before
{Heap before GC invocations=2899 (full 0):
 garbage-first heap   total 336896K, used 239876K [0x00000000e0800000, 0x0000000100000000)
  region size 1024K, 197 young (201728K), 1 survivors (1024K)
 Metaspace       used 72304K, committed 72832K, reserved 1114112K
  class space    used 9870K, committed 10112K, reserved 1048576K
}

