# JRE version: OpenJDK Runtime Environment Temurin-17.0.5+8 (17.0.5+8) (build 17.0.5+8)
# Java VM: OpenJDK 64-Bit Server VM Temurin-17.0.5+8 (17.0.5+8, mixed mode, emulated-client, tiered, compressed oops, compressed class ptrs, g1 gc, windows-amd64)
GC Precious Log:
 CPUs: 2 total, 2 available
 Memory: 2008M
 Large Page Support: Disabled
 NUMA Support: Disabled
 Compressed Oops: Enabled (32-bit)
 Heap Region Size: 1M
 Heap Min Capacity: 8M
 Heap Initial Capacity: 32M
 Heap Max Capacity: 504M
 Pre-touch: Disabled
 Parallel Workers: 2
 Concurrent Workers: 1
 Concurrent Refinement Workers: 2
 Periodic GC: Disabled
Heap:
 garbage-first heap   total 32768K, used 14579K [0x00000000e0800000, 0x0000000100000000)
  region size 1024K, 5 young (5120K), 2 survivors (2048K)
 Metaspace       used 27528K, committed 27776K, reserved 1081344K
  class space    used 3283K, committed 3392K, reserved 1048576K
GC Heap History (20 events):
Event: 4.085 GC heap before
{Heap before GC invocations=0 (full 0):
 garbage-first heap   total 32768K, used 6144K [0x00000000e0800000, 0x0000000100000000)
  region size 1024K, 6 young (6144K), 0 survivors (0K)
 Metaspace       used 6373K, committed 6528K, reserved 1056768K
  class space    used 547K, committed 576K, reserved 1048576K
}
Event: 4.112 GC heap after
{Heap after GC invocations=1 (full 0):
 garbage-first heap   total 32768K, used 5240K [0x00000000e0800000, 0x0000000100000000)
  region size 1024K, 1 young (1024K), 1 survivors (1024K)
 Metaspace       used 6373K, committed 6528K, reserved 1056768K
  class space    used 547K, committed 576K, reserved 1048576K
}
Event: 5.535 GC heap before
{Heap before GC invocations=1 (full 0):
 garbage-first heap   total 32768K, used 8312K [0x00000000e0800000, 0x0000000100000000)
  region size 1024K, 4 young (4096K), 1 survivors (1024K)
 Metaspace       used 10030K, committed 10176K, reserved 1064960K
  class space    used 971K, committed 1024K, reserved 1048576K
}
Event: 5.542 GC heap after
{Heap after GC invocations=2 (full 0):
 garbage-first heap   total 32768K, used 6402K [0x00000000e0800000, 0x0000000100000000)
  region size 1024K, 1 young (1024K), 1 survivors (1024K)
 Metaspace       used 10030K, committed 10176K, reserved 1064960K
  class space    used 971K, committed 1024K, reserved 1048576K
}
Event: 7.869 GC heap before
{Heap before GC invocations=2 (full 0):
 garbage-first heap   total 32768K, used 12546K [0x00000000e0800000, 0x0000000100000000)
  region size 1024K, 7 young (7168K), 1 survivors (1024K)
 Metaspace       used 14045K, committed 14272K, reserved 1064960K
  class space    used 1440K, committed 1536K, reserved 1048576K
}
Event: 7.884 GC heap after
{Heap after GC invocations=3 (full 0):
 garbage-first heap   total 32768K, used 7906K [0x00000000e0800000, 0x0000000100000000)
  region size 1024K, 1 young (1024K), 1 survivors (1024K)
 Metaspace       used 14045K, committed 14272K, reserved 1064960K
  class space    used 1440K, committed 1536K, reserved 1048576K
}
Event: 8.725 GC heap before
{Heap before GC invocations=3 (full 0):
 garbage-first heap   total 32768K, used 14050K [0x00000000e0800000, 0x0000000100000000)
  region size 1024K, 8 young (8192K), 1 survivors (1024K)
 Metaspace       used 15845K, committed 16064K, reserved 1064960K
  class space    used 1697K, committed 1792K, reserved 1048576K
}
Event: 8.732 GC heap after
{Heap after GC invocations=4 (full 0):
 garbage-first heap   total 32768K, used 8667K [0x00000000e0800000, 0x0000000100000000)
  region size 1024K, 1 young (1024K), 1 survivors (1024K)
 Metaspace       used 15845K, committed 16064K, reserved 1064960K
  class space    used 1697K, committed 1792K, reserved 1048576K
}
Event: 9.570 GC heap before
{Heap before GC invocations=4 (full 0):
 garbage-first heap   total 32768K, used 17883K [0x00000000e0800000, 0x0000000100000000)
  region size 1024K, 11 young (11264K), 1 survivors (1024K)
 Metaspace       used 17988K, committed 18240K, reserved 1073152K
  class space    used 1980K, committed 2112K, reserved 1048576K
}
Event: 9.576 GC heap after
{Heap after GC invocations=5 (full 0):
 garbage-first heap   total 32768K, used 9251K [0x00000000e0800000, 0x0000000100000000)
  region size 1024K, 2 young (2048K), 2 survivors (2048K)
 Metaspace       used 17988K, committed 18240K, reserved 1073152K
  class space    used 1980K, committed 2112K, reserved 1048576K
}
Event: 10.872 GC heap before
{Heap before GC invocations=5 (full 0):
 garbage-first heap   total 32768K, used 21539K [0x00000000e0800000, 0x0000000100000000)
  region size 1024K, 14 young (14336K), 2 survivors (2048K)
 Metaspace       used 20651K, committed 20928K, reserved 1073152K
  class space    used 2402K, committed 2560K, reserved 1048576K
}
Event: 10.896 GC heap after
{Heap after GC invocations=6 (full 0):
 garbage-first heap   total 32768K, used 10007K [0x00000000e0800000, 0x0000000100000000)
  region size 1024K, 2 young (2048K), 2 survivors (2048K)
 Metaspace       used 20651K, committed 20928K, reserved 1073152K
  class space    used 2402K, committed 2560K, reserved 1048576K
}
Event: 11.104 GC heap before
{Heap before GC invocations=6 (full 0):
 garbage-first heap   total 32768K, used 12055K [0x00000000e0800000, 0x0000000100000000)
  region size 1024K, 5 young (5120K), 2 survivors (2048K)
 Metaspace       used 21218K, committed 21504K, reserved 1073152K
  class space    used 2470K, committed 2624K, reserved 1048576K
}
Event: 11.119 GC heap after
{Heap after GC invocations=7 (full 0):
 garbage-first heap   total 32768K, used 10082K [0x00000000e0800000, 0x0000000100000000)
  region size 1024K, 1 young (1024K), 1 survivors (1024K)
 Metaspace       used 21218K, committed 21504K, reserved 1073152K
  class space    used 2470K, committed 2624K, reserved 1048576K
}
Event: 13.308 GC heap before
{Heap before GC invocations=8 (full 0):
 garbage-first heap   total 32768K, used 22370K [0x00000000e0800000, 0x0000000100000000)
  region size 1024K, 14 young (14336K), 1 survivors (1024K)
 Metaspace       used 24279K, committed 24512K, reserved 1073152K
  class space    used 2836K, committed 2944K, reserved 1048576K
}
Event: 13.317 GC heap after
{Heap after GC invocations=9 (full 0):
 garbage-first heap   total 32768K, used 10785K [0x00000000e0800000, 0x0000000100000000)
  region size 1024K, 2 young (2048K), 2 survivors (2048K)
 Metaspace       used 24279K, committed 24512K, reserved 1073152K
  class space    used 2836K, committed 2944K, reserved 1048576K
}
Event: 15.286 GC heap before
{Heap before GC invocations=9 (full 0):
 garbage-first heap   total 32768K, used 23073K [0x00000000e0800000, 0x0000000100000000)
  region size 1024K, 15 young (15360K), 2 survivors (2048K)
 Metaspace       used 26052K, committed 26304K, reserved 1073152K
  class space    used 3094K, committed 3200K, reserved 1048576K
}
Event: 15.294 GC heap after
{Heap after GC invocations=10 (full 0):
 garbage-first heap   total 32768K, used 11346K [0x00000000e0800000, 0x0000000100000000)
  region size 1024K, 2 young (2048K), 2 survivors (2048K)
 Metaspace       used 26052K, committed 26304K, reserved 1073152K
  class space    used 3094K, committed 3200K, reserved 1048576K
}
Event: 16.283 GC heap before
{Heap before GC invocations=10 (full 0):
 garbage-first heap   total 32768K, used 23634K [0x00000000e0800000, 0x0000000100000000)
  region size 1024K, 14 young (14336K), 2 survivors (2048K)
 Metaspace       used 27314K, committed 27584K, reserved 1081344K
  class space    used 3257K, committed 3392K, reserved 1048576K
}
Event: 16.292 GC heap after
{Heap after GC invocations=11 (full 0):
 garbage-first heap   total 32768K, used 12531K [0x00000000e0800000, 0x0000000100000000)
  region size 1024K, 2 young (2048K), 2 survivors (2048K)
 Metaspace       used 27314K, committed 27584K, reserved 1081344K
  class space    used 3257K, committed 3392K, reserved 1048576K
}

